# JRE version: OpenJDK Runtime Environment (21.0.5) (build 21.0.5+-13047016-b750.29)
# Java VM: OpenJDK 64-Bit Server VM (21.0.5+-13047016-b750.29, mixed mode, tiered, compressed oops, compressed class ptrs, g1 gc, windows-amd64)
GC Precious Log:
 CardTable entry size: 512
 Card Set container configuration: InlinePtr #cards 4 size 8 Array Of Cards #cards 16 size 48 Howl #buckets 8 coarsen threshold 3686 Howl Bitmap #cards 512 size 80 coarsen threshold 460 Card regions per heap region 1 cards per card region 4096
 CPUs: 4 total, 4 available
 Memory: 10116M
 Large Page Support: Disabled
 NUMA Support: Disabled
 Compressed Oops: Enabled (Zero based)
 Heap Region Size: 2M
 Heap Min Capacity: 8M
 Heap Initial Capacity: 8M
 Heap Max Capacity: 2530M
 Pre-touch: Disabled
 Parallel Workers: 4
 Concurrent Workers: 1
 Concurrent Refinement Workers: 4
 Periodic GC: Disabled
Heap:
 garbage-first heap   total 8192K, used 1064K [0x0000000761e00000, 0x0000000800000000)
  region size 2048K, 2 young (4096K), 1 survivors (2048K)
 Metaspace       used 9371K, committed 9536K, reserved 1114112K
  class space    used 945K, committed 1024K, reserved 1048576K
GC Heap History (6 events):
Event: 0.336 GC heap before
{Heap before GC invocations=0 (full 0):
 garbage-first heap   total 8192K, used 2048K [0x0000000761e00000, 0x0000000800000000)
  region size 2048K, 1 young (2048K), 0 survivors (0K)
 Metaspace       used 6453K, committed 6528K, reserved 1114112K
  class space    used 578K, committed 640K, reserved 1048576K
}
Event: 0.340 GC heap after
{Heap after GC invocations=1 (full 0):
 garbage-first heap   total 8192K, used 736K [0x0000000761e00000, 0x0000000800000000)
  region size 2048K, 1 young (2048K), 1 survivors (2048K)
 Metaspace       used 6453K, committed 6528K, reserved 1114112K
  class space    used 578K, committed 640K, reserved 1048576K
}
Event: 0.454 GC heap before
{Heap before GC invocations=1 (full 0):
 garbage-first heap   total 8192K, used 2784K [0x0000000761e00000, 0x0000000800000000)
  region size 2048K, 2 young (4096K), 1 survivors (2048K)
 Metaspace       used 7421K, committed 7616K, reserved 1114112K
  class space    used 689K, committed 768K, reserved 1048576K
}
Event: 0.456 GC heap after
{Heap after GC invocations=2 (full 0):
 garbage-first heap   total 8192K, used 975K [0x0000000761e00000, 0x0000000800000000)
  region size 2048K, 1 young (2048K), 1 survivors (2048K)
 Metaspace       used 7421K, committed 7616K, reserved 1114112K
  class space    used 689K, committed 768K, reserved 1048576K
}
Event: 0.585 GC heap before
{Heap before GC invocations=2 (full 0):
 garbage-first heap   total 8192K, used 3023K [0x0000000761e00000, 0x0000000800000000)
  region size 2048K, 2 young (4096K), 1 survivors (2048K)
 Metaspace       used 8429K, committed 8576K, reserved 1114112K
  class space    used 819K, committed 896K, reserved 1048576K
}
Event: 0.587 GC heap after
{Heap after GC invocations=3 (full 0):
 garbage-first heap   total 8192K, used 1064K [0x0000000761e00000, 0x0000000800000000)
  region size 2048K, 1 young (2048K), 1 survivors (2048K)
 Metaspace       used 8429K, committed 8576K, reserved 1114112K
  class space    used 819K, committed 896K, reserved 1048576K
}

